0 info it worked if it ends with ok
1 verbose cli [ 'C:\\Program Files\\nodejs\\node.exe',
1 verbose cli   'C:\\Users\\Anisa Ask\\AppData\\Roaming\\npm\\node_modules\\npm\\bin\\npm-cli.js',
1 verbose cli   'run',
1 verbose cli   'server' ]
2 info using npm@3.10.9
3 info using node@v6.9.1
4 verbose run-script [ 'preserver', 'server', 'postserver' ]
5 info lifecycle jdi-plugin@1.0.0~preserver: jdi-plugin@1.0.0
6 silly lifecycle jdi-plugin@1.0.0~preserver: no script for preserver, continuing
7 info lifecycle jdi-plugin@1.0.0~server: jdi-plugin@1.0.0
8 verbose lifecycle jdi-plugin@1.0.0~server: unsafe-perm in lifecycle true
9 verbose lifecycle jdi-plugin@1.0.0~server: PATH: C:\Users\Anisa Ask\AppData\Roaming\npm\node_modules\npm\bin\node-gyp-bin;C:\Users\Anisa Ask\Desktop\JDI-react\node_modules\.bin;C:\ProgramData\Oracle\Java\javapath;C:\Program Files (x86)\Intel\iCLS Client\;C:\Program Files\Intel\iCLS Client\;C:\Program Files (x86)\NVIDIA Corporation\PhysX\Common;C:\Program Files\Broadcom\Broadcom 802.11 Network Adapter;C:\Windows\system32;C:\Windows;C:\Windows\System32\Wbem;C:\Windows\System32\WindowsPowerShell\v1.0\;C:\Program Files\WIDCOMM\Bluetooth Software\;C:\Program Files\WIDCOMM\Bluetooth Software\syswow64;C:\Program Files\Intel\Intel(R) Management Engine Components\DAL;C:\Program Files\Intel\Intel(R) Management Engine Components\IPT;C:\Program Files (x86)\Intel\Intel(R) Management Engine Components\DAL;C:\Program Files (x86)\Intel\Intel(R) Management Engine Components\IPT;C:\Program Files (x86)\Acer\abFiles\;C:\Program Files\Java\jdk1.8.0_66\bin;C:\Program Files\Git\bin;C:\Program Files\Git\cmd;C:\Program Files\MongoDB\Server\3.2\bin;D:\projects\test headless\phantomjs-2.1.1-windows\bin;C:\Users\Anisa Ask\AppData\Roaming\npm\node_modules\angular-cli\bin;C:\Program Files (x86)\Brackets\command;C:\Program Files\nodejs\;C:\Program Files (x86)\Yarn\bin;C:\Users\Anisa Ask\AppData\Local\Programs\Python\Python35-32;C:\Program Files (x86)\Skype\Phone\;C:\Program Files (x86)\Deployd\bin;C:\Ruby23-x64\bin;C:\Users\Anisa Ask\AppData\Roaming\npm;C:\Users\Anisa Ask\AppData\Local\Yarn\.bin
10 verbose lifecycle jdi-plugin@1.0.0~server: CWD: C:\Users\Anisa Ask\Desktop\JDI-react
11 silly lifecycle jdi-plugin@1.0.0~server: Args: [ '/d /s /c', 'http-server -p 9630' ]
12 silly lifecycle jdi-plugin@1.0.0~server: Returned: code: 3221225786  signal: null
13 info lifecycle jdi-plugin@1.0.0~server: Failed to exec server script
14 verbose stack Error: jdi-plugin@1.0.0 server: `http-server -p 9630`
14 verbose stack Exit status 3221225786
14 verbose stack     at EventEmitter.<anonymous> (C:\Users\Anisa Ask\AppData\Roaming\npm\node_modules\npm\lib\utils\lifecycle.js:255:16)
14 verbose stack     at emitTwo (events.js:106:13)
14 verbose stack     at EventEmitter.emit (events.js:191:7)
14 verbose stack     at ChildProcess.<anonymous> (C:\Users\Anisa Ask\AppData\Roaming\npm\node_modules\npm\lib\utils\spawn.js:40:14)
14 verbose stack     at emitTwo (events.js:106:13)
14 verbose stack     at ChildProcess.emit (events.js:191:7)
14 verbose stack     at maybeClose (internal/child_process.js:877:16)
14 verbose stack     at Process.ChildProcess._handle.onexit (internal/child_process.js:226:5)
15 verbose pkgid jdi-plugin@1.0.0
16 verbose cwd C:\Users\Anisa Ask\Desktop\JDI-react
17 error Windows_NT 6.3.9600
18 error argv "C:\\Program Files\\nodejs\\node.exe" "C:\\Users\\Anisa Ask\\AppData\\Roaming\\npm\\node_modules\\npm\\bin\\npm-cli.js" "run" "server"
19 error node v6.9.1
20 error npm  v3.10.9
21 error code ELIFECYCLE
22 error jdi-plugin@1.0.0 server: `http-server -p 9630`
22 error Exit status 3221225786
23 error Failed at the jdi-plugin@1.0.0 server script 'http-server -p 9630'.
23 error Make sure you have the latest version of node.js and npm installed.
23 error If you do, this is most likely a problem with the jdi-plugin package,
23 error not with npm itself.
23 error Tell the author that this fails on your system:
23 error     http-server -p 9630
23 error You can get information on how to open an issue for this project with:
23 error     npm bugs jdi-plugin
23 error Or if that isn't available, you can get their info via:
23 error     npm owner ls jdi-plugin
23 error There is likely additional logging output above.
24 verbose exit [ 1, true ]
